
==============================================
     MOOT COURT FULL STACK DEPLOYMENT
==============================================

[0;34m[INFO][0m Checking dependencies...
[0;32m[SUCCESS][0m All dependencies found

[0;34m[INFO][0m Starting Backend API (FastAPI)...
[1;33m[WARNING][0m Port 8000 is already in use. Attempting to use existing backend...

[0;34m[INFO][0m Starting Frontend 1 - Case Intake (port 3000)...
[1;33m[WARNING][0m Port 3000 is already in use

[0;34m[INFO][0m Starting Frontend 2 - Dashboard (port 3002)...
[1;33m[WARNING][0m Port 3002 is already in use

[0;34m[INFO][0m Starting Frontend 3 - Court Simulator (port 3001)...
[1;33m[WARNING][0m Port 3001 is already in use

==============================================
          DEPLOYMENT COMPLETE!
==============================================

  [0;32mBackend API:[0m        http://localhost:8000
  [0;32mAPI Docs:[0m           http://localhost:8000/docs

  [0;34mFrontend 1:[0m         http://localhost:3000
  [0;34m  - Case Intake[0m
  [0;34m  - Evidence Upload[0m
  [0;34m  - Dashboard[0m
  [0;34m  - Court Simulator[0m

  [0;34mFrontend 2:[0m         http://localhost:3002
  [0;34m  - Dashboard UI[0m

  [0;34mFrontend 3:[0m         http://localhost:3001
  [0;34m  - Court Simulator UI[0m

==============================================

[1;33mPress Ctrl+C to stop all services[0m

